2025-05-23 11:00:36,219 - INFO - Iniciando sesión en Amazon...
2025-05-23 12:24:05,478 - INFO - Opening Amazon...
2025-05-23 12:25:33,634 - INFO - Opening Amazon...
2025-05-23 12:48:19,102 - INFO - Opening Amazon...
2025-05-23 12:49:00,783 - INFO - Opening Amazon...
2025-05-23 12:54:34,031 - INFO - Opening Amazon...
2025-05-23 13:03:45,908 - INFO - Opening Amazon...
2025-05-23 13:05:40,027 - INFO - Opening Amazon...
2025-05-23 13:09:12,293 - INFO - Opening Amazon...
2025-05-23 13:09:38,959 - INFO - Logging in to Amazon...
2025-05-23 13:09:41,070 - INFO - Opening Amazon...
2025-05-23 13:09:56,104 - INFO - Logging in to Amazon...
2025-05-23 13:10:56,372 - INFO - Opening Amazon...
2025-05-23 13:11:02,223 - INFO - Logging in to Amazon...
2025-05-23 13:11:04,505 - INFO - Opening Amazon...
2025-05-23 13:11:11,586 - INFO - Logging in to Amazon...
2025-05-23 13:19:17,544 - INFO - Navigated to URL: https://www.amazon.com.mx/
2025-05-23 13:19:17,544 - INFO - Logging in...
2025-05-23 13:19:26,424 - ERROR - Task was destroyed but it is pending!
task: <Task pending name='Task-9' coro=<BrowserContext.close() running at C:\Users\Jhon Rodriguez\Documents\Repos\AT-WEB-DRIVER\venv\Lib\site-packages\playwright\_impl\_browser_context.py:565> cb=[SyncBase._sync.<locals>.<lambda>() at C:\Users\Jhon Rodriguez\Documents\Repos\AT-WEB-DRIVER\venv\Lib\site-packages\playwright\_impl\_sync_base.py:111]>
2025-05-23 13:19:26,424 - ERROR - Task was destroyed but it is pending!
task: <Task pending name='Task-8' coro=<Page.wait_for_selector() done, defined at C:\Users\Jhon Rodriguez\Documents\Repos\AT-WEB-DRIVER\venv\Lib\site-packages\playwright\_impl\_page.py:418> wait_for=<Future pending cb=[Task.task_wakeup()]> cb=[SyncBase._sync.<locals>.<lambda>() at C:\Users\Jhon Rodriguez\Documents\Repos\AT-WEB-DRIVER\venv\Lib\site-packages\playwright\_impl\_sync_base.py:111, ProtocolCallback.__init__.<locals>.cb() at C:\Users\Jhon Rodriguez\Documents\Repos\AT-WEB-DRIVER\venv\Lib\site-packages\playwright\_impl\_connection.py:198]>
2025-05-23 13:19:29,670 - INFO - Navigated to URL: https://www.amazon.com.mx/
2025-05-23 13:19:29,670 - INFO - Logging in...
2025-05-23 13:19:29,988 - INFO - Login completed.
2025-05-23 13:19:59,620 - INFO - Navigated to URL: https://www.amazon.com.mx/
2025-05-23 13:19:59,621 - INFO - Logging in...
2025-05-23 13:20:05,810 - INFO - Navigated to URL: https://www.amazon.com.mx/
2025-05-23 13:20:05,810 - INFO - Logging in...
2025-05-23 13:20:24,663 - INFO - Navigated to URL: https://www.amazon.com.mx/
2025-05-23 13:20:24,663 - INFO - Logging in...
2025-05-23 13:20:47,707 - INFO - Navigated to URL: https://www.amazon.com.mx/
2025-05-23 13:20:47,707 - INFO - Logging in...
2025-05-23 13:22:43,531 - INFO - Navigated to URL: https://www.amazon.com.mx/
2025-05-23 13:23:16,333 - INFO - Navigated to URL: https://www.amazon.com.mx/
2025-05-23 13:23:17,366 - INFO - Element is visible: form[action='/errors/validateCaptcha']
2025-05-23 13:23:17,366 - WARNING - \u26a0\ufe0f CAPTCHA detected. Manual intervention required.
2025-05-23 13:23:35,347 - INFO - Logging in...
2025-05-23 13:23:38,623 - INFO - Navigated to URL: https://www.amazon.com.mx/
2025-05-23 13:23:39,658 - INFO - Element is visible: form[action='/errors/validateCaptcha']
2025-05-23 13:23:39,659 - WARNING - \u26a0\ufe0f CAPTCHA detected. Manual intervention required.
2025-05-23 13:23:45,152 - INFO - Logging in...
